(---------------------------------------------------------------------)
(                                                                     )
(    DRC Update                                                       )
(                                                                     )
(    Drawing          : G-155_MUR-M.dra                               )
(    Software Version : 25.1S030                                      )
(    Date/Time        : Fri May 22 19:06:46 2026                      )
(                                                                     )
(---------------------------------------------------------------------)


 ========= check shapes                       0:00:00
 ========= check standalone pins              0:00:00
 ========= check symbols (pins,lines,text)    0:00:00
 ========= check xnets                        0:00:00
 ========= check nets                         0:00:00
 ========= check standalone branches          0:00:00
 ========= check standalone filled rectangles 0:00:00
 ========= check standalone lines             0:00:00
 ========= check standalone text              0:00:00
 ========= check standalone rectangles        0:00:00

 ..... Total number of DRC errors  0

 ..... DRC update completed, total CPU time   0:00:00
 *************************************************************************

