(---------------------------------------------------------------------)
(                                                                     )
(    Allegro Netrev Import Logic                                      )
(                                                                     )
(    Drawing          : LAUNCHXL-CC2640R2.brd                         )
(    Software Version : 16.6S019                                      )
(    Date/Time        : Mon Oct 17 10:58:21 2016                      )
(                                                                     )
(---------------------------------------------------------------------)


------ Directives ------

RIPUP_ETCH FALSE;
RIPUP_DELETE_FIRST_SEGMENT FALSE;
RIPUP_RETAIN_BONDWIRE FALSE;
RIPUP_SYMBOLS ALWAYS;
Missing symbol has error FALSE;
SCHEMATIC_DIRECTORY 'C:/kht/work/LAUNCHXL-CC2640R2/design/hw/Cadence/Allegro';
BOARD_DIRECTORY '';
OLD_BOARD_NAME 'C:/kht/work/LAUNCHXL-CC2640R2/design/hw/Cadence/Allegro/LAUNCHXL-CC2640R2.brd';
NEW_BOARD_NAME 'C:/kht/work/LAUNCHXL-CC2640R2/design/hw/Cadence/Allegro/LAUNCHXL-CC2640R2.brd';

CmdLine: netrev -$ -i C:/kht/work/LAUNCHXL-CC2640R2/design/hw/Cadence/Allegro -y 1 -z -v C:/kht/work/LAUNCHXL-CC2640R2/design/hw/Cadence/Allegro/#Taaaadd08952.tmp

------ Preparing to read pst files ------

Starting to read C:/kht/work/LAUNCHXL-CC2640R2/design/hw/Cadence/Allegro/pstchip.dat 
   Finished reading C:/kht/work/LAUNCHXL-CC2640R2/design/hw/Cadence/Allegro/pstchip.dat (00:00:00.04)
Starting to read C:/kht/work/LAUNCHXL-CC2640R2/design/hw/Cadence/Allegro/pstxprt.dat 
   Finished reading C:/kht/work/LAUNCHXL-CC2640R2/design/hw/Cadence/Allegro/pstxprt.dat (00:00:00.00)
Starting to read C:/kht/work/LAUNCHXL-CC2640R2/design/hw/Cadence/Allegro/pstxnet.dat 
   Finished reading C:/kht/work/LAUNCHXL-CC2640R2/design/hw/Cadence/Allegro/pstxnet.dat (00:00:00.00)

------ Oversights/Warnings/Errors ------


#1   WARNING(SPMHNI-192): Device/Symbol check warning detected. [help]

WARNING(SPMHNI-194): Symbol 'RESC1005X40B2M {RefDes R1}' for device 'RESISTOR_RESC1005X40B2N_100K_RE' not found in PSMPATH or must be "dbdoctor"ed.

------ Library Paths ------
MODULEPATH =  . 
           C:\Cadence\SPB_16.6/modules 

PSMPATH =  . 
           symbols 
           .. 
           ../symbols 
           C:\Cadence\SPB_16.6/symbols 
           C:/Cadence/SPB_16.6/share/pcb/pcb_lib/symbols 
           C:/Cadence/SPB_16.6/share/pcb/allegrolib/symbols 
           x:/padstacks 
           x:/Footprints 
           x:/mech 
           X:/Layout_graphics/ 

PADPATH =  . 
           symbols 
           .. 
           ../symbols 
           C:\Cadence\SPB_16.6/padstacks 
           C:/Cadence/SPB_16.6/share/pcb/pcb_lib/symbols 
           C:/Cadence/SPB_16.6/share/pcb/allegrolib/symbols 
           x:/padstacks 
           x:/Footprints 


------ Summary Statistics ------


netrev run on Oct 17 10:58:21 2016
   DESIGN NAME : 'LAUNCHXL-CC2640R2'
   PACKAGING ON Oct 28 2013 13:12:55

   COMPILE 'logic'
   CHECK_PIN_NAMES OFF
   CROSS_REFERENCE OFF
   FEEDBACK OFF
   INCREMENTAL OFF
   INTERFACE_TYPE PHYSICAL
   MAX_ERRORS 500
   MERGE_MINIMUM 5
   NET_NAME_CHARS '#%&()*+-./:=>?@[]^_`|'
   NET_NAME_LENGTH 24
   OVERSIGHTS ON
   REPLACE_CHECK OFF
   SINGLE_NODE_NETS ON
   SPLIT_MINIMUM 0
   SUPPRESS   20
   WARNINGS ON

 No error detected
 No oversight detected
  1 warnings detected

cpu time      0:15:26
elapsed time  0:00:09

