(---------------------------------------------------------------------)
(                                                                     )
(     SHAPE LOG                                                       )
(                                                                     )
(    Drawing          : LAUNCHXL-CC2640R2.brd                         )
(    Software Version : 16.6S019                                      )
(    Date/Time        : Mon Aug 22 10:49:13 2016                      )
(                                                                     )
(---------------------------------------------------------------------)


 Shape net:    
 Parameter minimum area: 0.00403 (sq cm)

 Shape origin: (313.245 280.513)

 Shape area:    0.008274 (sq cm)

 Shape origin: (337.585 281.685)

 Shape area:    0.014717 (sq cm)

 Shape origin: (340.812 279.006)

 Shape area:    0.022100 (sq cm)

 Shape origin: (297.411 257.200)

 Shape area:    20.032359 (sq cm)

 Shape origin: (337.761 281.439)

 Shape area:    0.004399 (sq cm)

 Shape origin: (341.801 280.140)

 Shape area:    0.004856 (sq cm)

 Shape origin: (340.413 278.052)

 Shape area:    0.004833 (sq cm)

 Shape origin: (304.226 276.749)

 Shape area:    0.007829 (sq cm)

Shape has been broken into 8 new shapes.

